Сборка начата 31.01.2015 3:01:02.
     1>Проект "C:\Users\Lyovkin\Desktop\documents-export-2015-01-30\2.lab.2\2.lab.2\2.lab.2.vcxproj" в узле 2 (целевые объекты build).
     1>InitializeBuildStatus:
         Создание "Debug\2.lab.2.unsuccessfulbuild", так как было задано "AlwaysCreate".
       ClCompile:
         c:\Program Files (x86)\Microsoft Visual Studio 10.0\VC\bin\CL.exe /c /ZI /nologo /W3 /WX- /Od /Oy- /D WIN32 /D _DEBUG /D _CONSOLE /D _UNICODE /D UNICODE /Gm /EHsc /RTC1 /MDd /GS /fp:precise /Zc:wchar_t /Zc:forScope /Fo"Debug\\" /Fd"Debug\vc100.pdb" /Gd /TP /analyze- /errorReport:prompt IdentityCheck.cpp getPoint.cpp main.cpp showPoint.cpp
         showPoint.cpp
         main.cpp
         getPoint.cpp
         IdentityCheck.cpp
         Создание кода...
       Link:
         c:\Program Files (x86)\Microsoft Visual Studio 10.0\VC\bin\link.exe /ERRORREPORT:PROMPT /OUT:"C:\Users\Lyovkin\Desktop\documents-export-2015-01-30\2.lab.2\Debug\2.lab.2.exe" /INCREMENTAL:NO /NOLOGO kernel32.lib user32.lib gdi32.lib winspool.lib comdlg32.lib advapi32.lib shell32.lib ole32.lib oleaut32.lib uuid.lib odbc32.lib odbccp32.lib /MANIFEST /ManifestFile:"Debug\2.lab.2.exe.intermediate.manifest" /MANIFESTUAC:"level='asInvoker' uiAccess='false'" /DEBUG /PDB:"C:\Users\Lyovkin\Desktop\documents-export-2015-01-30\2.lab.2\Debug\2.lab.2.pdb" /SUBSYSTEM:CONSOLE /TLBID:1 /DYNAMICBASE /NXCOMPAT /IMPLIB:"C:\Users\Lyovkin\Desktop\documents-export-2015-01-30\2.lab.2\Debug\2.lab.2.lib" /MACHINE:X86 Debug\Distance.obj
         Debug\getPoint.obj
         Debug\IdentityCheck.obj
         Debug\main.obj
         Debug\Plus.obj
         Debug\showPoint.obj
     1>Distance.obj : warning LNK4075: не учитывается "/EDITANDCONTINUE" из-за спецификации "/INCREMENTAL:NO"
         2.lab.2.vcxproj -> C:\Users\Lyovkin\Desktop\documents-export-2015-01-30\2.lab.2\Debug\2.lab.2.exe
       Manifest:
         C:\Program Files (x86)\Microsoft SDKs\Windows\v7.0A\bin\mt.exe /nologo /verbose /outputresource:"C:\Users\Lyovkin\Desktop\documents-export-2015-01-30\2.lab.2\Debug\2.lab.2.exe;#1" /manifest Debug\2.lab.2.exe.intermediate.manifest
       FinalizeBuildStatus:
         Файл "Debug\2.lab.2.unsuccessfulbuild" удаляется.
         Обращение к "Debug\2.lab.2.lastbuildstate".
     1>Построение проекта "C:\Users\Lyovkin\Desktop\documents-export-2015-01-30\2.lab.2\2.lab.2\2.lab.2.vcxproj" завершено (целевые объекты build).

Построение успешно завершено.

Затраченное время: 00:00:02.43
