Построение начато 15.01.2015 16:17:47.
     1>Проект "c:\Users\Nikita\documents\visual studio 2010\Projects\2.lab.1\2.lab.1\2.lab.1.vcxproj" в узле 2 (целевые объекты build).
     1>InitializeBuildStatus:
         Создание "Debug\2.lab.1.unsuccessfulbuild", так как было задано "AlwaysCreate".
       ClCompile:
         C:\Program Files (x86)\Microsoft Visual Studio 10.0\VC\bin\CL.exe /c /ZI /nologo /W3 /WX- /Od /Oy- /D WIN32 /D _DEBUG /D _CONSOLE /D _UNICODE /D UNICODE /Gm /EHsc /RTC1 /MDd /GS /fp:precise /Zc:wchar_t /Zc:forScope /Fo"Debug\\" /Fd"Debug\vc100.pdb" /Gd /TP /analyze- /errorReport:prompt main.cpp
         main.cpp
       ManifestResourceCompile:
         Для всех выходных данных обновления не требуется.
       Link:
         C:\Program Files (x86)\Microsoft Visual Studio 10.0\VC\bin\link.exe /ERRORREPORT:PROMPT /OUT:"c:\users\nikita\documents\visual studio 2010\Projects\2.lab.1\Debug\2.lab.1.exe" /INCREMENTAL /NOLOGO kernel32.lib user32.lib gdi32.lib winspool.lib comdlg32.lib advapi32.lib shell32.lib ole32.lib oleaut32.lib uuid.lib odbc32.lib odbccp32.lib /MANIFEST /ManifestFile:"Debug\2.lab.1.exe.intermediate.manifest" /MANIFESTUAC:"level='asInvoker' uiAccess='false'" /DEBUG /PDB:"c:\users\nikita\documents\visual studio 2010\Projects\2.lab.1\Debug\2.lab.1.pdb" /SUBSYSTEM:CONSOLE /TLBID:1 /DYNAMICBASE /NXCOMPAT /IMPLIB:"c:\users\nikita\documents\visual studio 2010\Projects\2.lab.1\Debug\2.lab.1.lib" /MACHINE:X86 Debug\2.lab.1.exe.embed.manifest.res
         Debug\main.obj
       Manifest:
         C:\Program Files (x86)\Microsoft SDKs\Windows\v7.0A\bin\mt.exe /nologo /verbose /out:"Debug\2.lab.1.exe.embed.manifest" /manifest Debug\2.lab.1.exe.intermediate.manifest
         Для всех выходных данных обновления не требуется.
       LinkEmbedManifest:
         Для всех выходных данных обновления не требуется.
         2.lab.1.vcxproj -> c:\users\nikita\documents\visual studio 2010\Projects\2.lab.1\Debug\2.lab.1.exe
       FinalizeBuildStatus:
         Файл "Debug\2.lab.1.unsuccessfulbuild" удаляется.
         Обращение к "Debug\2.lab.1.lastbuildstate".
     1>Построение проекта "c:\Users\Nikita\documents\visual studio 2010\Projects\2.lab.1\2.lab.1\2.lab.1.vcxproj" завершено (целевые объекты build).

Построение успешно завершено.

Затраченное время: 00:00:00.90
