Построение начато 16.03.2015 23:40:19.
     1>Проект "C:\Users\Nikita\Documents\Visual Studio 2010\Projects\2.lab4 (ред) (menu)\2.lab2\2.lab2.vcxproj" в узле 2 (целевые объекты build).
       Файл проекта содержит ToolsVersion="12.0", не поддерживаемую данной версией MSBuild. Считается, что проект имеет ToolsVersion="4.0".
     1>InitializeBuildStatus:
         Создание "Debug\2.lab2.unsuccessfulbuild", так как было задано "AlwaysCreate".
       ClCompile:
         C:\Program Files (x86)\Microsoft Visual Studio 10.0\VC\bin\CL.exe /c /ZI /nologo /W3 /WX- /Od /Oy- /D _MBCS /Gm /EHsc /RTC1 /MDd /GS /fp:precise /Zc:wchar_t /Zc:forScope /Fo"Debug\\" /Fd"Debug\vc100.pdb" /Gd /TP /analyze- /errorReport:prompt main.cpp
         main.cpp
       Link:
         C:\Program Files (x86)\Microsoft Visual Studio 10.0\VC\bin\link.exe /ERRORREPORT:PROMPT /OUT:"C:\Users\Nikita\Documents\Visual Studio 2010\Projects\2.lab4 (ред) (menu)\Debug\2.lab2.exe" /INCREMENTAL:NO /NOLOGO kernel32.lib user32.lib gdi32.lib winspool.lib comdlg32.lib advapi32.lib shell32.lib ole32.lib oleaut32.lib uuid.lib odbc32.lib odbccp32.lib /MANIFEST /ManifestFile:"Debug\2.lab2.exe.intermediate.manifest" /MANIFESTUAC:"level='asInvoker' uiAccess='false'" /DEBUG /PDB:"C:\Users\Nikita\Documents\Visual Studio 2010\Projects\2.lab4 (ред) (menu)\Debug\2.lab2.pdb" /TLBID:1 /DYNAMICBASE /NXCOMPAT /IMPLIB:"C:\Users\Nikita\Documents\Visual Studio 2010\Projects\2.lab4 (ред) (menu)\Debug\2.lab2.lib" /MACHINE:X86 Debug\=.obj
         Debug\cin.obj
         Debug\cout.obj
         Debug\expcompare.obj
         Debug\get.obj
         Debug\getbonus.obj
         Debug\main.obj
         Debug\menu.obj
         Debug\postchange.obj
         Debug\show.obj
     1>=.obj : warning LNK4075: не учитывается "/EDITANDCONTINUE" из-за спецификации "/INCREMENTAL:NO"
         2.lab2.vcxproj -> C:\Users\Nikita\Documents\Visual Studio 2010\Projects\2.lab4 (ред) (menu)\Debug\2.lab2.exe
       Manifest:
         C:\Program Files (x86)\Microsoft SDKs\Windows\v7.0A\bin\mt.exe /nologo /verbose /outputresource:"C:\Users\Nikita\Documents\Visual Studio 2010\Projects\2.lab4 (ред) (menu)\Debug\2.lab2.exe;#1" /manifest Debug\2.lab2.exe.intermediate.manifest
       FinalizeBuildStatus:
         Файл "Debug\2.lab2.unsuccessfulbuild" удаляется.
         Обращение к "Debug\2.lab2.lastbuildstate".
     1>Построение проекта "C:\Users\Nikita\Documents\Visual Studio 2010\Projects\2.lab4 (ред) (menu)\2.lab2\2.lab2.vcxproj" завершено (целевые объекты build).

Построение успешно завершено.

Затраченное время: 00:00:01.40
