Сборка начата 23.11.2015 22:26:56.
     1>Проект "C:\Users\Lyovkin\Documents\Visual Studio 2010\Projects2\lab5\lab5.vcxproj" в узле 2 (целевые объекты build).
     1>InitializeBuildStatus:
         Создание "Debug\lab5.unsuccessfulbuild", так как было задано "AlwaysCreate".
       ClCompile:
         c:\Program Files (x86)\Microsoft Visual Studio 10.0\VC\bin\CL.exe /c /ZI /nologo /W3 /WX- /Od /Oy- /D WIN32 /D _DEBUG /D _CONSOLE /D _UNICODE /D UNICODE /Gm /EHsc /RTC1 /MDd /GS /fp:precise /Zc:wchar_t /Zc:forScope /Fo"Debug\\" /Fd"Debug\vc100.pdb" /Gd /TP /analyze- /errorReport:prompt functions.cpp
         functions.cpp
     1>c:\users\lyovkin\documents\visual studio 2010\projects2\lab5\functions.cpp(9): warning C4996: 'getch': The POSIX name for this item is deprecated. Instead, use the ISO C++ conformant name: _getch. See online help for details.
                 c:\program files (x86)\microsoft visual studio 10.0\vc\include\conio.h(128): см. объявление "getch"
     1>c:\users\lyovkin\documents\visual studio 2010\projects2\lab5\functions.cpp(65): warning C4996: 'getch': The POSIX name for this item is deprecated. Instead, use the ISO C++ conformant name: _getch. See online help for details.
                 c:\program files (x86)\microsoft visual studio 10.0\vc\include\conio.h(128): см. объявление "getch"
     1>c:\users\lyovkin\documents\visual studio 2010\projects2\lab5\functions.cpp(124): warning C4996: 'getch': The POSIX name for this item is deprecated. Instead, use the ISO C++ conformant name: _getch. See online help for details.
                 c:\program files (x86)\microsoft visual studio 10.0\vc\include\conio.h(128): см. объявление "getch"
     1>c:\users\lyovkin\documents\visual studio 2010\projects2\lab5\functions.cpp(143): warning C4996: 'getch': The POSIX name for this item is deprecated. Instead, use the ISO C++ conformant name: _getch. See online help for details.
                 c:\program files (x86)\microsoft visual studio 10.0\vc\include\conio.h(128): см. объявление "getch"
       ManifestResourceCompile:
         Для всех выходных данных обновления не требуется.
       Link:
         c:\Program Files (x86)\Microsoft Visual Studio 10.0\VC\bin\link.exe /ERRORREPORT:PROMPT /OUT:"C:\Users\Lyovkin\Documents\Visual Studio 2010\Projects2\lab5\Debug\lab5.exe" /INCREMENTAL /NOLOGO kernel32.lib user32.lib gdi32.lib winspool.lib comdlg32.lib advapi32.lib shell32.lib ole32.lib oleaut32.lib uuid.lib odbc32.lib odbccp32.lib /MANIFEST /ManifestFile:"Debug\lab5.exe.intermediate.manifest" /MANIFESTUAC:"level='asInvoker' uiAccess='false'" /DEBUG /PDB:"C:\Users\Lyovkin\Documents\Visual Studio 2010\Projects2\lab5\Debug\lab5.pdb" /SUBSYSTEM:CONSOLE /TLBID:1 /DYNAMICBASE /NXCOMPAT /IMPLIB:"C:\Users\Lyovkin\Documents\Visual Studio 2010\Projects2\lab5\Debug\lab5.lib" /MACHINE:X86 Debug\lab5.exe.embed.manifest.res
         Debug\functions.obj
         Debug\main.obj
         Debug\menu_collection.obj
       Manifest:
         C:\Program Files (x86)\Microsoft SDKs\Windows\v7.0A\bin\mt.exe /nologo /verbose /out:"Debug\lab5.exe.embed.manifest" /manifest Debug\lab5.exe.intermediate.manifest
         Для всех выходных данных обновления не требуется.
       LinkEmbedManifest:
         Для всех выходных данных обновления не требуется.
         lab5.vcxproj -> C:\Users\Lyovkin\Documents\Visual Studio 2010\Projects2\lab5\Debug\lab5.exe
       FinalizeBuildStatus:
         Файл "Debug\lab5.unsuccessfulbuild" удаляется.
         Обращение к "Debug\lab5.lastbuildstate".
     1>Построение проекта "C:\Users\Lyovkin\Documents\Visual Studio 2010\Projects2\lab5\lab5.vcxproj" завершено (целевые объекты build).

Построение успешно завершено.

Затраченное время: 00:00:01.74
