Построение начато 11.05.2015 22:58:10.
     1>Проект "C:\Users\Nikita\Documents\Visual Studio 2010\Projects\2.lab.7(no forms)(ред 2)\2.lab.7(no forms)(ред 2)\2.lab.7(no forms)(ред 2).vcxproj" в узле 2 (целевые объекты build).
     1>InitializeBuildStatus:
         Создание "Debug\2.lab.7(no forms)(ред 2).unsuccessfulbuild", так как было задано "AlwaysCreate".
       ClCompile:
         C:\Program Files (x86)\Microsoft Visual Studio 10.0\VC\bin\CL.exe /c /I"C:\Program Files (x86)\Visual Leak Detector\include" /ZI /nologo /W3 /WX- /Od /Oy- /D _UNICODE /D UNICODE /Gm /EHsc /RTC1 /MDd /GS /fp:precise /Zc:wchar_t /Zc:forScope /Fo"Debug\\" /Fd"Debug\vc100.pdb" /Gd /TP /analyze- /errorReport:prompt main.cpp methods.cpp
         methods.cpp
         Создание кода...
         Компиляция...
         main.cpp
         Создание кода...
       Link:
         C:\Program Files (x86)\Microsoft Visual Studio 10.0\VC\bin\link.exe /ERRORREPORT:PROMPT /OUT:"C:\Users\Nikita\Documents\Visual Studio 2010\Projects\2.lab.7(no forms)(ред 2)\Debug\2.lab.7(no forms)(ред 2).exe" /NOLOGO /LIBPATH:"C:\Program Files (x86)\Visual Leak Detector\lib\Win32" kernel32.lib user32.lib gdi32.lib winspool.lib comdlg32.lib advapi32.lib shell32.lib ole32.lib oleaut32.lib uuid.lib odbc32.lib odbccp32.lib /MANIFEST /ManifestFile:"Debug\2.lab.7(no forms)(ред 2).exe.intermediate.manifest" /MANIFESTUAC:"level='asInvoker' uiAccess='false'" /DEBUG /PDB:"C:\Users\Nikita\Documents\Visual Studio 2010\Projects\2.lab.7(no forms)(ред 2)\Debug\2.lab.7(no forms)(ред 2).pdb" /TLBID:1 /DYNAMICBASE /NXCOMPAT /IMPLIB:"C:\Users\Nikita\Documents\Visual Studio 2010\Projects\2.lab.7(no forms)(ред 2)\Debug\2.lab.7(no forms)(ред 2).lib" /MACHINE:X86 Debug\main.obj
         Debug\methods.obj
         LINK : не найден или не выполнена сборка C:\Users\Nikita\Documents\Visual Studio 2010\Projects\2.lab.7(no forms)(ред 2)\Debug\2.lab.7(no forms)(ред 2).exe при последней инкрементной компоновке; выполняется полная компоновка
         2.lab.7(no forms)(ред 2).vcxproj -> C:\Users\Nikita\Documents\Visual Studio 2010\Projects\2.lab.7(no forms)(ред 2)\Debug\2.lab.7(no forms)(ред 2).exe
       Manifest:
         C:\Program Files (x86)\Microsoft SDKs\Windows\v7.0A\bin\mt.exe /nologo /verbose /outputresource:"C:\Users\Nikita\Documents\Visual Studio 2010\Projects\2.lab.7(no forms)(ред 2)\Debug\2.lab.7(no forms)(ред 2).exe;#1" /manifest "Debug\2.lab.7(no forms)(ред 2).exe.intermediate.manifest"
       FinalizeBuildStatus:
         Файл "Debug\2.lab.7(no forms)(ред 2).unsuccessfulbuild" удаляется.
         Обращение к "Debug\2.lab.7(no forms)(ред 2).lastbuildstate".
     1>Построение проекта "C:\Users\Nikita\Documents\Visual Studio 2010\Projects\2.lab.7(no forms)(ред 2)\2.lab.7(no forms)(ред 2)\2.lab.7(no forms)(ред 2).vcxproj" завершено (целевые объекты build).

Построение успешно завершено.

Затраченное время: 00:00:02.67
