c:\users\lyovkin\documents\visual studio 2010\projects\2.lab2\2.lab2\debug\get.obj
c:\users\lyovkin\documents\visual studio 2010\projects\2.lab2\2.lab2\debug\main.obj
c:\users\lyovkin\documents\visual studio 2010\projects\2.lab2\2.lab2\debug\show.obj
c:\users\lyovkin\documents\visual studio 2010\projects\2.lab2\2.lab2\debug\vc100.pdb
c:\users\lyovkin\documents\visual studio 2010\projects\2.lab2\2.lab2\debug\postchange.obj
c:\users\lyovkin\documents\visual studio 2010\projects\2.lab2\2.lab2\debug\expcompare.obj
c:\users\lyovkin\documents\visual studio 2010\projects\2.lab2\2.lab2\debug\getbonus.obj
c:\users\lyovkin\documents\visual studio 2010\projects\2.lab2\2.lab2\debug\showbonus.obj
c:\users\nikita\downloads\2.lab2\2.lab2\debug\expcompare.obj
c:\users\nikita\downloads\2.lab2\2.lab2\debug\get.obj
c:\users\nikita\downloads\2.lab2\2.lab2\debug\getbonus.obj
c:\users\nikita\downloads\2.lab2\2.lab2\debug\main.obj
c:\users\nikita\downloads\2.lab2\2.lab2\debug\postchange.obj
c:\users\nikita\downloads\2.lab2\2.lab2\debug\show.obj
c:\users\nikita\downloads\2.lab2\2.lab2\debug\vc100.pdb
c:\users\lyovkin\documents\visual studio 2010\projects\2.lab2\debug\2.lab2.ilk
c:\users\lyovkin\documents\visual studio 2010\projects\2.lab2\debug\2.lab2.exe
c:\users\lyovkin\documents\visual studio 2010\projects\2.lab2\2.lab2\debug\2.lab2.exe.intermediate.manifest
c:\users\lyovkin\documents\visual studio 2010\projects\2.lab2\debug\2.lab2.pdb
c:\users\nikita\downloads\2.lab2\debug\2.lab2.ilk
c:\users\nikita\downloads\2.lab2\debug\2.lab2.exe
c:\users\nikita\downloads\2.lab2\2.lab2\debug\2.lab2.exe.intermediate.manifest
c:\users\nikita\downloads\2.lab2\debug\2.lab2.pdb
c:\users\stud\desktop\2.lab2\2.lab2\debug\vc120.pdb
c:\users\stud\desktop\2.lab2\2.lab2\debug\vc120.idb
c:\users\stud\desktop\2.lab2\2.lab2\debug\expcompare.obj
c:\users\stud\desktop\2.lab2\2.lab2\debug\get.obj
c:\users\stud\desktop\2.lab2\2.lab2\debug\getbonus.obj
c:\users\stud\desktop\2.lab2\2.lab2\debug\main.obj
c:\users\stud\desktop\2.lab2\2.lab2\debug\postchange.obj
c:\users\stud\desktop\2.lab2\2.lab2\debug\show.obj
c:\users\stud\desktop\2.lab2\2.lab2\debug\2.lab2.vcxprojresolveassemblyreference.cache
c:\users\stud\desktop\2.lab2\2.lab2\debug\showbonus.obj
c:\users\stud\desktop\2.lab2\2.lab2\debug\2.lab2.write.1.tlog
c:\users\stud\desktop\2.lab2\2.lab2\debug\cl.command.1.tlog
c:\users\stud\desktop\2.lab2\2.lab2\debug\cl.read.1.tlog
c:\users\stud\desktop\2.lab2\2.lab2\debug\cl.write.1.tlog
c:\users\stud\desktop\2.lab2\2.lab2\debug\link.command.1.tlog
c:\users\stud\desktop\2.lab2\2.lab2\debug\link.read.1.tlog
c:\users\stud\desktop\2.lab2\2.lab2\debug\link.write.1.tlog
c:\users\stud\desktop\2.lab2\2.lab2\debug\mt.command.1.tlog
c:\users\stud\desktop\2.lab2\2.lab2\debug\mt.read.1.tlog
c:\users\stud\desktop\2.lab2\2.lab2\debug\mt.write.1.tlog
c:\users\stud\desktop\2.lab2\2.lab2\debug\2.lab2.exe.intermediate.manifest
c:\users\stud\desktop\2.lab2\2.lab2\debug\vc100.idb
c:\users\stud\desktop\2.lab2\2.lab2\debug\vc100.pdb
c:\users\stud\desktop\2.lab2\debug\2.lab2.pdb
c:\users\stud\desktop\2.lab2\2.lab2\debug\2.lab2.tlog\cl.command.1.tlog
c:\users\stud\desktop\2.lab2\2.lab2\debug\2.lab2.tlog\cl.read.1.tlog
c:\users\stud\desktop\2.lab2\2.lab2\debug\2.lab2.tlog\cl.write.1.tlog
c:\users\stud\desktop\2.lab2\2.lab2\debug\2.lab2.tlog\link-cvtres.read.1.tlog
c:\users\stud\desktop\2.lab2\2.lab2\debug\2.lab2.tlog\link-cvtres.write.1.tlog
c:\users\stud\desktop\2.lab2\2.lab2\debug\2.lab2.tlog\link-rc.read.1.tlog
c:\users\stud\desktop\2.lab2\2.lab2\debug\2.lab2.tlog\link-rc.write.1.tlog
c:\users\stud\desktop\2.lab2\2.lab2\debug\2.lab2.tlog\link.command.1.tlog
c:\users\stud\desktop\2.lab2\2.lab2\debug\2.lab2.tlog\link.read.1.tlog
c:\users\stud\desktop\2.lab2\2.lab2\debug\2.lab2.tlog\link.write.1.tlog
