Сборка начата 14.02.2015 15:36:23.
     1>Проект "C:\Users\Lyovkin\Documents\Visual Studio 2010\Projects\2.lab3\2.lab2\2.lab2.vcxproj" в узле 2 (целевые объекты build).
       Файл проекта содержит ToolsVersion="12.0". Возможно, этот набор инструментов неизвестен или отсутствует (в этом случае проблему можно устранить, установив подходящую версию MSBuild), либо для данной сборки определено конкретное значение ToolsVersion в параметрах политики. Проект обрабатывается как имеющий ToolsVersion="4.0". Дополнительные сведения см. по ссылке http://go.microsoft.com/fwlink/?LinkId=291333.
     1>InitializeBuildStatus:
         Создание "Debug\2.lab2.unsuccessfulbuild", так как было задано "AlwaysCreate".
       ClCompile:
         C:\Program Files (x86)\Microsoft Visual Studio 10.0\VC\bin\CL.exe /c /ZI /nologo /W3 /WX- /Od /Oy- /D _MBCS /Gm /EHsc /RTC1 /MDd /GS /fp:precise /Zc:wchar_t /Zc:forScope /Fo"Debug\\" /Fd"Debug\vc100.pdb" /Gd /TP /analyze- /errorReport:prompt expcompare.cpp get.cpp getbonus.cpp main.cpp postchange.cpp show.cpp
         expcompare.cpp
     1>c:\users\lyovkin\documents\visual studio 2010\projects\2.lab3\2.lab2\head.h(70): warning C4018: <: несоответствие типов со знаком и без знака
     1>c:\users\lyovkin\documents\visual studio 2010\projects\2.lab3\2.lab2\head.h(92): warning C4018: <: несоответствие типов со знаком и без знака
     1>c:\users\lyovkin\documents\visual studio 2010\projects\2.lab3\2.lab2\head.h(108): warning C4018: <: несоответствие типов со знаком и без знака
     1>c:\users\lyovkin\documents\visual studio 2010\projects\2.lab3\2.lab2\head.h(119): warning C4018: <: несоответствие типов со знаком и без знака
     1>c:\users\lyovkin\documents\visual studio 2010\projects\2.lab3\2.lab2\head.h(121): warning C4018: <: несоответствие типов со знаком и без знака
     1>c:\users\lyovkin\documents\visual studio 2010\projects\2.lab3\2.lab2\head.h(134): warning C4018: <: несоответствие типов со знаком и без знака
     1>c:\users\lyovkin\documents\visual studio 2010\projects\2.lab3\2.lab2\head.h(136): warning C4018: <: несоответствие типов со знаком и без знака
     1>c:\users\lyovkin\documents\visual studio 2010\projects\2.lab3\2.lab2\head.h(146): warning C4018: <: несоответствие типов со знаком и без знака
         Создание кода...
         Компиляция...
         show.cpp
     1>c:\users\lyovkin\documents\visual studio 2010\projects\2.lab3\2.lab2\head.h(70): warning C4018: <: несоответствие типов со знаком и без знака
     1>c:\users\lyovkin\documents\visual studio 2010\projects\2.lab3\2.lab2\head.h(92): warning C4018: <: несоответствие типов со знаком и без знака
     1>c:\users\lyovkin\documents\visual studio 2010\projects\2.lab3\2.lab2\head.h(108): warning C4018: <: несоответствие типов со знаком и без знака
     1>c:\users\lyovkin\documents\visual studio 2010\projects\2.lab3\2.lab2\head.h(119): warning C4018: <: несоответствие типов со знаком и без знака
     1>c:\users\lyovkin\documents\visual studio 2010\projects\2.lab3\2.lab2\head.h(121): warning C4018: <: несоответствие типов со знаком и без знака
     1>c:\users\lyovkin\documents\visual studio 2010\projects\2.lab3\2.lab2\head.h(134): warning C4018: <: несоответствие типов со знаком и без знака
     1>c:\users\lyovkin\documents\visual studio 2010\projects\2.lab3\2.lab2\head.h(136): warning C4018: <: несоответствие типов со знаком и без знака
     1>c:\users\lyovkin\documents\visual studio 2010\projects\2.lab3\2.lab2\head.h(146): warning C4018: <: несоответствие типов со знаком и без знака
         postchange.cpp
     1>c:\users\lyovkin\documents\visual studio 2010\projects\2.lab3\2.lab2\head.h(70): warning C4018: <: несоответствие типов со знаком и без знака
     1>c:\users\lyovkin\documents\visual studio 2010\projects\2.lab3\2.lab2\head.h(92): warning C4018: <: несоответствие типов со знаком и без знака
     1>c:\users\lyovkin\documents\visual studio 2010\projects\2.lab3\2.lab2\head.h(108): warning C4018: <: несоответствие типов со знаком и без знака
     1>c:\users\lyovkin\documents\visual studio 2010\projects\2.lab3\2.lab2\head.h(119): warning C4018: <: несоответствие типов со знаком и без знака
     1>c:\users\lyovkin\documents\visual studio 2010\projects\2.lab3\2.lab2\head.h(121): warning C4018: <: несоответствие типов со знаком и без знака
     1>c:\users\lyovkin\documents\visual studio 2010\projects\2.lab3\2.lab2\head.h(134): warning C4018: <: несоответствие типов со знаком и без знака
     1>c:\users\lyovkin\documents\visual studio 2010\projects\2.lab3\2.lab2\head.h(136): warning C4018: <: несоответствие типов со знаком и без знака
     1>c:\users\lyovkin\documents\visual studio 2010\projects\2.lab3\2.lab2\head.h(146): warning C4018: <: несоответствие типов со знаком и без знака
         main.cpp
     1>c:\users\lyovkin\documents\visual studio 2010\projects\2.lab3\2.lab2\head.h(70): warning C4018: <: несоответствие типов со знаком и без знака
     1>c:\users\lyovkin\documents\visual studio 2010\projects\2.lab3\2.lab2\head.h(92): warning C4018: <: несоответствие типов со знаком и без знака
     1>c:\users\lyovkin\documents\visual studio 2010\projects\2.lab3\2.lab2\head.h(108): warning C4018: <: несоответствие типов со знаком и без знака
     1>c:\users\lyovkin\documents\visual studio 2010\projects\2.lab3\2.lab2\head.h(119): warning C4018: <: несоответствие типов со знаком и без знака
     1>c:\users\lyovkin\documents\visual studio 2010\projects\2.lab3\2.lab2\head.h(121): warning C4018: <: несоответствие типов со знаком и без знака
     1>c:\users\lyovkin\documents\visual studio 2010\projects\2.lab3\2.lab2\head.h(134): warning C4018: <: несоответствие типов со знаком и без знака
     1>c:\users\lyovkin\documents\visual studio 2010\projects\2.lab3\2.lab2\head.h(136): warning C4018: <: несоответствие типов со знаком и без знака
     1>c:\users\lyovkin\documents\visual studio 2010\projects\2.lab3\2.lab2\head.h(146): warning C4018: <: несоответствие типов со знаком и без знака
         getbonus.cpp
     1>c:\users\lyovkin\documents\visual studio 2010\projects\2.lab3\2.lab2\head.h(70): warning C4018: <: несоответствие типов со знаком и без знака
     1>c:\users\lyovkin\documents\visual studio 2010\projects\2.lab3\2.lab2\head.h(92): warning C4018: <: несоответствие типов со знаком и без знака
     1>c:\users\lyovkin\documents\visual studio 2010\projects\2.lab3\2.lab2\head.h(108): warning C4018: <: несоответствие типов со знаком и без знака
     1>c:\users\lyovkin\documents\visual studio 2010\projects\2.lab3\2.lab2\head.h(119): warning C4018: <: несоответствие типов со знаком и без знака
     1>c:\users\lyovkin\documents\visual studio 2010\projects\2.lab3\2.lab2\head.h(121): warning C4018: <: несоответствие типов со знаком и без знака
     1>c:\users\lyovkin\documents\visual studio 2010\projects\2.lab3\2.lab2\head.h(134): warning C4018: <: несоответствие типов со знаком и без знака
     1>c:\users\lyovkin\documents\visual studio 2010\projects\2.lab3\2.lab2\head.h(136): warning C4018: <: несоответствие типов со знаком и без знака
     1>c:\users\lyovkin\documents\visual studio 2010\projects\2.lab3\2.lab2\head.h(146): warning C4018: <: несоответствие типов со знаком и без знака
     1>c:\users\lyovkin\documents\visual studio 2010\projects\2.lab3\2.lab2\getbonus.cpp(10): warning C4018: <: несоответствие типов со знаком и без знака
         get.cpp
     1>c:\users\lyovkin\documents\visual studio 2010\projects\2.lab3\2.lab2\head.h(70): warning C4018: <: несоответствие типов со знаком и без знака
     1>c:\users\lyovkin\documents\visual studio 2010\projects\2.lab3\2.lab2\head.h(92): warning C4018: <: несоответствие типов со знаком и без знака
     1>c:\users\lyovkin\documents\visual studio 2010\projects\2.lab3\2.lab2\head.h(108): warning C4018: <: несоответствие типов со знаком и без знака
     1>c:\users\lyovkin\documents\visual studio 2010\projects\2.lab3\2.lab2\head.h(119): warning C4018: <: несоответствие типов со знаком и без знака
     1>c:\users\lyovkin\documents\visual studio 2010\projects\2.lab3\2.lab2\head.h(121): warning C4018: <: несоответствие типов со знаком и без знака
     1>c:\users\lyovkin\documents\visual studio 2010\projects\2.lab3\2.lab2\head.h(134): warning C4018: <: несоответствие типов со знаком и без знака
     1>c:\users\lyovkin\documents\visual studio 2010\projects\2.lab3\2.lab2\head.h(136): warning C4018: <: несоответствие типов со знаком и без знака
     1>c:\users\lyovkin\documents\visual studio 2010\projects\2.lab3\2.lab2\head.h(146): warning C4018: <: несоответствие типов со знаком и без знака
         Создание кода...
       Link:
         C:\Program Files (x86)\Microsoft Visual Studio 10.0\VC\bin\link.exe /ERRORREPORT:PROMPT /OUT:"C:\Users\Lyovkin\Documents\Visual Studio 2010\Projects\2.lab3\Debug\2.lab2.exe" /INCREMENTAL:NO /NOLOGO kernel32.lib user32.lib gdi32.lib winspool.lib comdlg32.lib advapi32.lib shell32.lib ole32.lib oleaut32.lib uuid.lib odbc32.lib odbccp32.lib /MANIFEST /ManifestFile:"Debug\2.lab2.exe.intermediate.manifest" /MANIFESTUAC:"level='asInvoker' uiAccess='false'" /DEBUG /PDB:"C:\Users\Lyovkin\Documents\Visual Studio 2010\Projects\2.lab3\Debug\2.lab2.pdb" /TLBID:1 /DYNAMICBASE /NXCOMPAT /IMPLIB:"C:\Users\Lyovkin\Documents\Visual Studio 2010\Projects\2.lab3\Debug\2.lab2.lib" /MACHINE:X86 Debug\expcompare.obj
         Debug\get.obj
         Debug\getbonus.obj
         Debug\main.obj
         Debug\postchange.obj
         Debug\show.obj
     1>expcompare.obj : warning LNK4075: не учитывается "/EDITANDCONTINUE" из-за спецификации "/INCREMENTAL:NO"
         2.lab2.vcxproj -> C:\Users\Lyovkin\Documents\Visual Studio 2010\Projects\2.lab3\Debug\2.lab2.exe
       Manifest:
         C:\Program Files (x86)\Microsoft SDKs\Windows\v7.0A\bin\mt.exe /nologo /verbose /outputresource:"C:\Users\Lyovkin\Documents\Visual Studio 2010\Projects\2.lab3\Debug\2.lab2.exe;#1" /manifest Debug\2.lab2.exe.intermediate.manifest
       FinalizeBuildStatus:
         Файл "Debug\2.lab2.unsuccessfulbuild" удаляется.
         Обращение к "Debug\2.lab2.lastbuildstate".
     1>Построение проекта "C:\Users\Lyovkin\Documents\Visual Studio 2010\Projects\2.lab3\2.lab2\2.lab2.vcxproj" завершено (целевые объекты build).

Построение успешно завершено.

Затраченное время: 00:00:03.80
