Сборка начата 12.11.2015 0:01:52.
     1>Проект "C:\Users\Lyovkin\Documents\Visual Studio 2010\Projects2\lab3\lab3\lab3.vcxproj" в узле 2 (целевые объекты build).
     1>InitializeBuildStatus:
         Создание "Debug\lab3.unsuccessfulbuild", так как было задано "AlwaysCreate".
       ClCompile:
         c:\Program Files (x86)\Microsoft Visual Studio 10.0\VC\bin\CL.exe /c /ZI /nologo /W3 /WX- /Od /Oy- /D _MBCS /Gm /EHsc /RTC1 /MDd /GS /fp:precise /Zc:wchar_t /Zc:forScope /Fo"Debug\\" /Fd"Debug\vc100.pdb" /Gd /TP /analyze- /errorReport:prompt list_functions.cpp
         list_functions.cpp
     1>c:\users\lyovkin\documents\visual studio 2010\projects2\lab3\lab3\list_functions.cpp(184): warning C4715: arrow: значение возвращается не при всех путях выполнения
       Link:
         c:\Program Files (x86)\Microsoft Visual Studio 10.0\VC\bin\link.exe /ERRORREPORT:PROMPT /OUT:"C:\Users\Lyovkin\Documents\Visual Studio 2010\Projects2\lab3\Debug\lab3.exe" /NOLOGO kernel32.lib user32.lib gdi32.lib winspool.lib comdlg32.lib advapi32.lib shell32.lib ole32.lib oleaut32.lib uuid.lib odbc32.lib odbccp32.lib /MANIFEST /ManifestFile:"Debug\lab3.exe.intermediate.manifest" /MANIFESTUAC:"level='asInvoker' uiAccess='false'" /DEBUG /PDB:"C:\Users\Lyovkin\Documents\Visual Studio 2010\Projects2\lab3\Debug\lab3.pdb" /TLBID:1 /DYNAMICBASE /NXCOMPAT /IMPLIB:"C:\Users\Lyovkin\Documents\Visual Studio 2010\Projects2\lab3\Debug\lab3.lib" /MACHINE:X86 Debug\list.obj
         Debug\list_functions.obj
         Debug\list_menu_1.obj
         Debug\main.obj
         Debug\mass.obj
         Debug\mass_menu_1.obj
         Debug\menu.obj
         LINK : не найден или не выполнена сборка C:\Users\Lyovkin\Documents\Visual Studio 2010\Projects2\lab3\Debug\lab3.exe при последней инкрементной компоновке; выполняется полная компоновка
         lab3.vcxproj -> C:\Users\Lyovkin\Documents\Visual Studio 2010\Projects2\lab3\Debug\lab3.exe
       Manifest:
         C:\Program Files (x86)\Microsoft SDKs\Windows\v7.0A\bin\mt.exe /nologo /verbose /outputresource:"C:\Users\Lyovkin\Documents\Visual Studio 2010\Projects2\lab3\Debug\lab3.exe;#1" /manifest Debug\lab3.exe.intermediate.manifest
       FinalizeBuildStatus:
         Файл "Debug\lab3.unsuccessfulbuild" удаляется.
         Обращение к "Debug\lab3.lastbuildstate".
     1>Построение проекта "C:\Users\Lyovkin\Documents\Visual Studio 2010\Projects2\lab3\lab3\lab3.vcxproj" завершено (целевые объекты build).

Построение успешно завершено.

Затраченное время: 00:00:02.04
